{"level":"info","time":"2021-10-26 17:09:13.324","linenum":"D:/fy-server/go_server/main.go:50","msg":"初始化日志","serviceName":"serviceName"}
{"level":"info","time":"2021-10-26 17:09:16.785","linenum":"D:/fy-server/go_server/models/casbin.go:93","msg":"casbin_rule 表初始数据成功!","serviceName":"serviceName"}
{"level":"info","time":"2021-10-26 17:09:16.785","linenum":"D:/fy-server/go_server/models/casbin.go:71","msg":"recover <nil>","serviceName":"serviceName"}
{"level":"info","time":"2021-10-26 17:09:17.187","linenum":"D:/fy-server/go_server/main.go:73","msg":"start server","serviceName":"serviceName"}
{"level":"info","time":"2021-10-26 17:09:17.188","linenum":"D:/fy-server/go_server/main.go:81","msg":"-----服务启动,可以打开  http://localhost:8081/swagger/index.html 查看详细接口------","serviceName":"serviceName"}
{"level":"info","time":"2021-10-26 17:10:27.805","linenum":"D:/fy-server/go_server/routers/api/upload.go:44","msg":"file = {0xc000860390}","serviceName":"serviceName"}
{"level":"info","time":"2021-10-26 17:10:27.839","linenum":"D:/fy-server/go_server/routers/api/upload.go:46","msg":"imageName = 6c8349cc7260ae62e3b1396831a8398f.jpgtrue","serviceName":"serviceName"}
{"level":"info","time":"2021-10-26 17:10:27.839","linenum":"D:/fy-server/go_server/pkg/upload/image.go:51","msg":"size = 440840","serviceName":"serviceName"}
{"level":"info","time":"2021-10-26 17:11:30.445","linenum":"D:/fy-server/go_server/main.go:50","msg":"初始化日志","serviceName":"go_server"}
{"level":"info","time":"2021-10-26 17:11:32.593","linenum":"D:/fy-server/go_server/models/casbin.go:93","msg":"casbin_rule 表初始数据成功!","serviceName":"go_server"}
{"level":"info","time":"2021-10-26 17:11:32.593","linenum":"D:/fy-server/go_server/models/casbin.go:71","msg":"recover <nil>","serviceName":"go_server"}
{"level":"info","time":"2021-10-26 17:11:33.002","linenum":"D:/fy-server/go_server/main.go:73","msg":"start server","serviceName":"go_server"}
{"level":"info","time":"2021-10-26 17:11:33.002","linenum":"D:/fy-server/go_server/main.go:81","msg":"-----服务启动,可以打开  http://localhost:8081/swagger/index.html 查看详细接口------","serviceName":"go_server"}
{"level":"info","time":"2021-10-26 17:13:14.424","linenum":"D:/fy-server/go_server/main.go:50","msg":"初始化日志","serviceName":"go_server"}
{"level":"info","time":"2021-10-26 17:13:16.355","linenum":"D:/fy-server/go_server/models/casbin.go:93","msg":"casbin_rule 表初始数据成功!","serviceName":"go_server"}
{"level":"info","time":"2021-10-26 17:13:16.355","linenum":"D:/fy-server/go_server/models/casbin.go:71","msg":"recover <nil>","serviceName":"go_server"}
{"level":"info","time":"2021-10-26 17:13:16.758","linenum":"D:/fy-server/go_server/main.go:73","msg":"start server","serviceName":"go_server"}
{"level":"info","time":"2021-10-26 17:13:16.758","linenum":"D:/fy-server/go_server/main.go:81","msg":"-----服务启动,可以打开  http://localhost:8081/swagger/index.html 查看详细接口------","serviceName":"go_server"}
{"level":"info","time":"2021-10-26 17:20:43.320","linenum":"D:/fy-server/go_server/routers/api/upload.go:44","msg":"file = {0xc0000123f0}","serviceName":"go_server"}
{"level":"info","time":"2021-10-26 17:20:43.358","linenum":"D:/fy-server/go_server/routers/api/upload.go:46","msg":"imageName = 6c8349cc7260ae62e3b1396831a8398f.jpgtrue","serviceName":"go_server"}
{"level":"info","time":"2021-10-26 17:20:43.358","linenum":"D:/fy-server/go_server/pkg/upload/image.go:51","msg":"size = 440840","serviceName":"go_server"}
